Determining if the pthread_create exist failed with the following output:
Change Dir: /home/nlarson/Desktop/VoxelWorld/glfw/CMakeFiles/CMakeTmp

Run Build Command:"/usr/bin/make" "cmTC_d7e4e/fast"
/usr/bin/make -f CMakeFiles/cmTC_d7e4e.dir/build.make CMakeFiles/cmTC_d7e4e.dir/build
make[1]: Entering directory '/home/nlarson/Desktop/VoxelWorld/glfw/CMakeFiles/CMakeTmp'
Building C object CMakeFiles/cmTC_d7e4e.dir/CheckSymbolExists.c.o
/usr/bin/cc    -o CMakeFiles/cmTC_d7e4e.dir/CheckSymbolExists.c.o   -c /home/nlarson/Desktop/VoxelWorld/glfw/CMakeFiles/CMakeTmp/CheckSymbolExists.c
Linking C executable cmTC_d7e4e
/usr/bin/cmake -E cmake_link_script CMakeFiles/cmTC_d7e4e.dir/link.txt --verbose=1
/usr/bin/cc      -rdynamic CMakeFiles/cmTC_d7e4e.dir/CheckSymbolExists.c.o  -o cmTC_d7e4e 
CMakeFiles/cmTC_d7e4e.dir/CheckSymbolExists.c.o: In function `main':
CheckSymbolExists.c:(.text+0x1b): undefined reference to `pthread_create'
collect2: error: ld returned 1 exit status
CMakeFiles/cmTC_d7e4e.dir/build.make:97: recipe for target 'cmTC_d7e4e' failed
make[1]: *** [cmTC_d7e4e] Error 1
make[1]: Leaving directory '/home/nlarson/Desktop/VoxelWorld/glfw/CMakeFiles/CMakeTmp'
Makefile:126: recipe for target 'cmTC_d7e4e/fast' failed
make: *** [cmTC_d7e4e/fast] Error 2

File /home/nlarson/Desktop/VoxelWorld/glfw/CMakeFiles/CMakeTmp/CheckSymbolExists.c:
/* */
#include <pthread.h>

int main(int argc, char** argv)
{
  (void)argv;
#ifndef pthread_create
  return ((int*)(&pthread_create))[argc];
#else
  (void)argc;
  return 0;
#endif
}

Determining if the function pthread_create exists in the pthreads failed with the following output:
Change Dir: /home/nlarson/Desktop/VoxelWorld/glfw/CMakeFiles/CMakeTmp

Run Build Command:"/usr/bin/make" "cmTC_aa4df/fast"
/usr/bin/make -f CMakeFiles/cmTC_aa4df.dir/build.make CMakeFiles/cmTC_aa4df.dir/build
make[1]: Entering directory '/home/nlarson/Desktop/VoxelWorld/glfw/CMakeFiles/CMakeTmp'
Building C object CMakeFiles/cmTC_aa4df.dir/CheckFunctionExists.c.o
/usr/bin/cc   -DCHECK_FUNCTION_EXISTS=pthread_create   -o CMakeFiles/cmTC_aa4df.dir/CheckFunctionExists.c.o   -c /usr/share/cmake-3.10/Modules/CheckFunctionExists.c
Linking C executable cmTC_aa4df
/usr/bin/cmake -E cmake_link_script CMakeFiles/cmTC_aa4df.dir/link.txt --verbose=1
/usr/bin/cc  -DCHECK_FUNCTION_EXISTS=pthread_create    -rdynamic CMakeFiles/cmTC_aa4df.dir/CheckFunctionExists.c.o  -o cmTC_aa4df -lpthreads 
/usr/bin/ld: cannot find -lpthreads
collect2: error: ld returned 1 exit status
CMakeFiles/cmTC_aa4df.dir/build.make:97: recipe for target 'cmTC_aa4df' failed
make[1]: *** [cmTC_aa4df] Error 1
make[1]: Leaving directory '/home/nlarson/Desktop/VoxelWorld/glfw/CMakeFiles/CMakeTmp'
Makefile:126: recipe for target 'cmTC_aa4df/fast' failed
make: *** [cmTC_aa4df/fast] Error 2


